Determining if the pthread_create exist failed with the following output:
Change Dir: /home/mauske/Studium/4_Semester/Linux/Praktikum3/build/CMakeFiles/CMakeTmp

Run Build Command:"/usr/bin/make" "cmTC_04dd2/fast"
make[1]: Entering directory '/home/mauske/Studium/4_Semester/Linux/Praktikum3/build/CMakeFiles/CMakeTmp'
/usr/bin/make -f CMakeFiles/cmTC_04dd2.dir/build.make CMakeFiles/cmTC_04dd2.dir/build
make[2]: Entering directory '/home/mauske/Studium/4_Semester/Linux/Praktikum3/build/CMakeFiles/CMakeTmp'
Building C object CMakeFiles/cmTC_04dd2.dir/CheckSymbolExists.c.o
/usr/bin/cc    -o CMakeFiles/cmTC_04dd2.dir/CheckSymbolExists.c.o   -c /home/mauske/Studium/4_Semester/Linux/Praktikum3/build/CMakeFiles/CMakeTmp/CheckSymbolExists.c
Linking C executable cmTC_04dd2
/usr/bin/cmake -E cmake_link_script CMakeFiles/cmTC_04dd2.dir/link.txt --verbose=1
/usr/bin/cc      -rdynamic CMakeFiles/cmTC_04dd2.dir/CheckSymbolExists.c.o  -o cmTC_04dd2 
/usr/bin/ld: CMakeFiles/cmTC_04dd2.dir/CheckSymbolExists.c.o: in function `main':
CheckSymbolExists.c:(.text+0x1f): undefined reference to `pthread_create'
collect2: error: ld returned 1 exit status
make[2]: *** [CMakeFiles/cmTC_04dd2.dir/build.make:87: cmTC_04dd2] Error 1
make[2]: Leaving directory '/home/mauske/Studium/4_Semester/Linux/Praktikum3/build/CMakeFiles/CMakeTmp'
make[1]: *** [Makefile:121: cmTC_04dd2/fast] Error 2
make[1]: Leaving directory '/home/mauske/Studium/4_Semester/Linux/Praktikum3/build/CMakeFiles/CMakeTmp'

File /home/mauske/Studium/4_Semester/Linux/Praktikum3/build/CMakeFiles/CMakeTmp/CheckSymbolExists.c:
/* */
#include <pthread.h>

int main(int argc, char** argv)
{
  (void)argv;
#ifndef pthread_create
  return ((int*)(&pthread_create))[argc];
#else
  (void)argc;
  return 0;
#endif
}

Determining if the function pthread_create exists in the pthreads failed with the following output:
Change Dir: /home/mauske/Studium/4_Semester/Linux/Praktikum3/build/CMakeFiles/CMakeTmp

Run Build Command:"/usr/bin/make" "cmTC_1bae6/fast"
make[1]: Entering directory '/home/mauske/Studium/4_Semester/Linux/Praktikum3/build/CMakeFiles/CMakeTmp'
/usr/bin/make -f CMakeFiles/cmTC_1bae6.dir/build.make CMakeFiles/cmTC_1bae6.dir/build
make[2]: Entering directory '/home/mauske/Studium/4_Semester/Linux/Praktikum3/build/CMakeFiles/CMakeTmp'
Building C object CMakeFiles/cmTC_1bae6.dir/CheckFunctionExists.c.o
/usr/bin/cc   -DCHECK_FUNCTION_EXISTS=pthread_create   -o CMakeFiles/cmTC_1bae6.dir/CheckFunctionExists.c.o   -c /usr/share/cmake-3.13/Modules/CheckFunctionExists.c
Linking C executable cmTC_1bae6
/usr/bin/cmake -E cmake_link_script CMakeFiles/cmTC_1bae6.dir/link.txt --verbose=1
/usr/bin/cc  -DCHECK_FUNCTION_EXISTS=pthread_create    -rdynamic CMakeFiles/cmTC_1bae6.dir/CheckFunctionExists.c.o  -o cmTC_1bae6 -lpthreads 
/usr/bin/ld: cannot find -lpthreads
collect2: error: ld returned 1 exit status
make[2]: *** [CMakeFiles/cmTC_1bae6.dir/build.make:87: cmTC_1bae6] Error 1
make[2]: Leaving directory '/home/mauske/Studium/4_Semester/Linux/Praktikum3/build/CMakeFiles/CMakeTmp'
make[1]: *** [Makefile:121: cmTC_1bae6/fast] Error 2
make[1]: Leaving directory '/home/mauske/Studium/4_Semester/Linux/Praktikum3/build/CMakeFiles/CMakeTmp'


